0 info it worked if it ends with ok
1 verbose cli [ 'C:\\Program Files\\nodejs\\node.exe',
1 verbose cli   'C:\\Program Files\\nodejs\\node_modules\\npm\\bin\\npm-cli.js',
1 verbose cli   'run',
1 verbose cli   'build' ]
2 info using npm@3.10.10
3 info using node@v6.11.2
4 verbose run-script [ 'prebuild', 'build', 'postbuild' ]
5 info lifecycle angualert@1.0.0~prebuild: angualert@1.0.0
6 silly lifecycle angualert@1.0.0~prebuild: no script for prebuild, continuing
7 info lifecycle angualert@1.0.0~build: angualert@1.0.0
8 verbose lifecycle angualert@1.0.0~build: unsafe-perm in lifecycle true
9 verbose lifecycle angualert@1.0.0~build: PATH: C:\Program Files\nodejs\node_modules\npm\bin\node-gyp-bin;C:\Users\Edward\dev\angualert\node_modules\.bin;C:\ProgramData\Oracle\Java\javapath;C:\WINDOWS\system32;C:\WINDOWS;C:\WINDOWS\System32\Wbem;C:\WINDOWS\System32\WindowsPowerShell\v1.0\;C:\Program Files\Intel\WiFi\bin\;C:\Program Files\Common Files\Intel\WirelessCommon\;C:\Program Files\Java\jdk1.8.0_60\bin;C:\Program Files (x86)\Git\bin;C:\Program Files (x86)\GitExtensions\;C:\Program Files\VideoLAN\VLC\;C:\Program Files (x86)\Windows Live\Shared;C:\Program Files (x86)\Skype\Phone\;C:\Program Files\nodejs\;C:\Program Files\Git\cmd;C:\Development\Python35-32\Scripts\;C:\Development\Python35-32\;C:\Program Files\Apache Software Foundation\apache-maven-3.2.3\bin;C:\Development\Android\sdk\tools;C:\Development\Android\sdk\platform-tools;C:\Development\apache-ant-1.9.4\bin;C:\Development\WhoIs;C:\Program Files (x86)\PuTTY;C:\Users\Edward\AppData\Local\atom\bin;C:\ProgramData\chocolatey\bin;;C:\Program Files (x86)\Microsoft VS Code\bin;C:\Users\Edward\AppData\Roaming\npm
10 verbose lifecycle angualert@1.0.0~build: CWD: C:\Users\Edward\dev\angualert
11 silly lifecycle angualert@1.0.0~build: Args: [ '/d /s /c',
11 silly lifecycle   'npm run clean && webpack --config webpack.config.js' ]
12 silly lifecycle angualert@1.0.0~build: Returned: code: 1  signal: null
13 info lifecycle angualert@1.0.0~build: Failed to exec build script
14 verbose stack Error: angualert@1.0.0 build: `npm run clean && webpack --config webpack.config.js`
14 verbose stack Exit status 1
14 verbose stack     at EventEmitter.<anonymous> (C:\Program Files\nodejs\node_modules\npm\lib\utils\lifecycle.js:255:16)
14 verbose stack     at emitTwo (events.js:106:13)
14 verbose stack     at EventEmitter.emit (events.js:191:7)
14 verbose stack     at ChildProcess.<anonymous> (C:\Program Files\nodejs\node_modules\npm\lib\utils\spawn.js:40:14)
14 verbose stack     at emitTwo (events.js:106:13)
14 verbose stack     at ChildProcess.emit (events.js:191:7)
14 verbose stack     at maybeClose (internal/child_process.js:891:16)
14 verbose stack     at Process.ChildProcess._handle.onexit (internal/child_process.js:226:5)
15 verbose pkgid angualert@1.0.0
16 verbose cwd C:\Users\Edward\dev\angualert
17 error Windows_NT 10.0.10586
18 error argv "C:\\Program Files\\nodejs\\node.exe" "C:\\Program Files\\nodejs\\node_modules\\npm\\bin\\npm-cli.js" "run" "build"
19 error node v6.11.2
20 error npm  v3.10.10
21 error code ELIFECYCLE
22 error angualert@1.0.0 build: `npm run clean && webpack --config webpack.config.js`
22 error Exit status 1
23 error Failed at the angualert@1.0.0 build script 'npm run clean && webpack --config webpack.config.js'.
23 error Make sure you have the latest version of node.js and npm installed.
23 error If you do, this is most likely a problem with the angualert package,
23 error not with npm itself.
23 error Tell the author that this fails on your system:
23 error     npm run clean && webpack --config webpack.config.js
23 error You can get information on how to open an issue for this project with:
23 error     npm bugs angualert
23 error Or if that isn't available, you can get their info via:
23 error     npm owner ls angualert
23 error There is likely additional logging output above.
24 verbose exit [ 1, true ]
